#
# There is insufficient memory for the Java Runtime Environment to continue.
# Native memory allocation (mmap) failed to map 134217728 bytes for G1 virtual space
# Possible reasons:
#   The system is out of physical RAM or swap space
#   The process is running with CompressedOops enabled, and the Java Heap may be blocking the growth of the native heap
# Possible solutions:
#   Reduce memory load on the system
#   Increase physical memory or swap space
#   Check if swap backing store is full
#   Decrease Java heap size (-Xmx/-Xms)
#   Decrease number of Java threads
#   Decrease Java thread stack sizes (-Xss)
#   Set larger code cache with -XX:ReservedCodeCacheSize=
#   JVM is running with Unscaled Compressed Oops mode in which the Java heap is
#     placed in the first 4GB address space. The Java Heap base address is the
#     maximum limit for the native heap growth. Please use -XX:HeapBaseMinAddress
#     to set the Java Heap base and to place the Java Heap above 4GB virtual address.
# This output file may be truncated or incomplete.
#
#  Out of Memory Error (os_windows.cpp:3617), pid=1000, tid=8700
#
# JRE version:  (17.0.8.1+1) (build )
# Java VM: OpenJDK 64-Bit Server VM (17.0.8.1+1, mixed mode, sharing, tiered, compressed oops, compressed class ptrs, g1 gc, windows-amd64)
# No core dump will be written. Minidumps are not enabled by default on client versions of Windows
#

---------------  S U M M A R Y ------------

Command Line: -Dfile.encoding=UTF-8 -Dstdout.encoding=UTF-8 -Dstderr.encoding=UTF-8 -XX:+ShowCodeDetailsInExceptionMessages controllLayer.ControllAndInitialize

Host: Intel(R) Core(TM) i5-5200U CPU @ 2.20GHz, 4 cores, 7G,  Windows 10 , 64 bit Build 19041 (10.0.19041.3570)
Time: Wed Oct 25 01:24:11 2023 E. Africa Standard Time elapsed time: 0.016652 seconds (0d 0h 0m 0s)

---------------  T H R E A D  ---------------

Current thread (0x0000023864c098a0):  JavaThread "Unknown thread" [_thread_in_vm, id=8700, stack(0x0000009d89900000,0x0000009d89a00000)]

Stack: [0x0000009d89900000,0x0000009d89a00000]
Native frames: (J=compiled Java code, j=interpreted, Vv=VM code, C=native code)
V  [jvm.dll+0x678b0a]
V  [jvm.dll+0x835e84]
V  [jvm.dll+0x83762e]
V  [jvm.dll+0x837c93]
V  [jvm.dll+0x24746f]
V  [jvm.dll+0x675859]
V  [jvm.dll+0x66a0ea]
V  [jvm.dll+0x306c7b]
V  [jvm.dll+0x30e166]
V  [jvm.dll+0x35dd3e]
V  [jvm.dll+0x35df6f]
V  [jvm.dll+0x2ddb48]
V  [jvm.dll+0x2deab4]
V  [jvm.dll+0x807f31]
V  [jvm.dll+0x36bb21]
V  [jvm.dll+0x7e733c]
V  [jvm.dll+0x3ee4af]
V  [jvm.dll+0x3f00c1]
C  [jli.dll+0x528b]
C  [ucrtbase.dll+0x21bb2]
C  [KERNEL32.DLL+0x17344]
C  [ntdll.dll+0x526b1]


---------------  P R O C E S S  ---------------

Threads class SMR info:
_java_thread_list=0x00007ffb2f7aa018, length=0, elements={
}

Java Threads: ( => current thread )

Other Threads:
  0x0000023864c61a00 GCTaskThread "GC Thread#0" [stack: 0x0000009d89a00000,0x0000009d89b00000] [id=2020]
  0x0000023864c72d30 ConcurrentGCThread "G1 Main Marker" [stack: 0x0000009d89b00000,0x0000009d89c00000] [id=10044]
  0x0000023864c73740 ConcurrentGCThread "G1 Conc#0" [stack: 0x0000009d89c00000,0x0000009d89d00000] [id=22176]

[error occurred during error reporting (printing all threads), id 0xc0000005, EXCEPTION_ACCESS_VIOLATION (0xc0000005) at pc=0x00007ffb2ef7e587]

VM state: not at safepoint (not fully initialized)

VM Mutex/Monitor currently owned by a thread:  ([mutex/lock_event])
[0x0000023864c05850] Heap_lock - owner thread: 0x0000023864c098a0

Heap address: 0x0000000081e00000, size: 2018 MB, Compressed Oops mode: 32-bit

CDS archive(s) mapped at: [0x0000000000000000-0x0000000000000000-0x0000000000000000), size 0, SharedBaseAddress: 0x0000000800000000, ArchiveRelocationMode: 1.
Narrow klass base: 0x0000000000000000, Narrow klass shift: 0, Narrow klass range: 0x0

GC Precious Log:
<Empty>

Heap:
 garbage-first heap   total 0K, used 0K [0x0000000081e00000, 0x0000000100000000)
  region size 1024K, 0 young (0K), 0 survivors (0K)

[error occurred during error reporting (printing heap information), id 0xc0000005, EXCEPTION_ACCESS_VIOLATION (0xc0000005) at pc=0x00007ffb2f362699]

GC Heap History (0 events):
No events

Dll operation events (1 events):
Event: 0.009 Loaded shared library C:\Users\meshn\.p2\pool\plugins\org.eclipse.justj.openjdk.hotspot.jre.full.win32.x86_64_17.0.8.v20230831-1047\jre\bin\java.dll

Deoptimization events (0 events):
No events

Classes unloaded (0 events):
No events

Classes redefined (0 events):
No events

Internal exceptions (0 events):
No events

VM Operations (0 events):
No events

Events (0 events):
No events


Dynamic libraries:
0x00007ff73ca90000 - 0x00007ff73ca9e000 	C:\Users\meshn\.p2\pool\plugins\org.eclipse.justj.openjdk.hotspot.jre.full.win32.x86_64_17.0.8.v20230831-1047\jre\bin\javaw.exe
0x00007ffbb2710000 - 0x00007ffbb2907000 	C:\Windows\SYSTEM32\ntdll.dll
0x00007ffbb0770000 - 0x00007ffbb082d000 	C:\Windows\System32\KERNEL32.DLL
0x00007ffbb02a0000 - 0x00007ffbb0596000 	C:\Windows\System32\KERNELBASE.dll
0x00007ffbafe80000 - 0x00007ffbaff80000 	C:\Windows\System32\ucrtbase.dll
0x00007ffb91c60000 - 0x00007ffb91c77000 	C:\Users\meshn\.p2\pool\plugins\org.eclipse.justj.openjdk.hotspot.jre.full.win32.x86_64_17.0.8.v20230831-1047\jre\bin\jli.dll
0x00007ffbb13d0000 - 0x00007ffbb156e000 	C:\Windows\System32\USER32.dll
0x00007ffbb00e0000 - 0x00007ffbb0102000 	C:\Windows\System32\win32u.dll
0x00007ffbb1e50000 - 0x00007ffbb1e7c000 	C:\Windows\System32\GDI32.dll
0x00007ffbb0180000 - 0x00007ffbb029a000 	C:\Windows\System32\gdi32full.dll
0x00007ffbb05f0000 - 0x00007ffbb068d000 	C:\Windows\System32\msvcp_win.dll
0x00007ffb9d0c0000 - 0x00007ffb9d0d9000 	C:\Users\meshn\.p2\pool\plugins\org.eclipse.justj.openjdk.hotspot.jre.full.win32.x86_64_17.0.8.v20230831-1047\jre\bin\VCRUNTIME140.dll
0x00007ffba2020000 - 0x00007ffba22ba000 	C:\Windows\WinSxS\amd64_microsoft.windows.common-controls_6595b64144ccf1df_6.0.19041.3570_none_60bb2a3971f3e41a\COMCTL32.dll
0x00007ffbb25d0000 - 0x00007ffbb266e000 	C:\Windows\System32\msvcrt.dll
0x00007ffbb0fc0000 - 0x00007ffbb0ff0000 	C:\Windows\System32\IMM32.DLL
0x00007ffb9d000000 - 0x00007ffb9d00c000 	C:\Users\meshn\.p2\pool\plugins\org.eclipse.justj.openjdk.hotspot.jre.full.win32.x86_64_17.0.8.v20230831-1047\jre\bin\vcruntime140_1.dll
0x00007ffb4a920000 - 0x00007ffb4a9b1000 	C:\Users\meshn\.p2\pool\plugins\org.eclipse.justj.openjdk.hotspot.jre.full.win32.x86_64_17.0.8.v20230831-1047\jre\bin\msvcp140.dll
0x00007ffb2ec90000 - 0x00007ffb2f8dc000 	C:\Users\meshn\.p2\pool\plugins\org.eclipse.justj.openjdk.hotspot.jre.full.win32.x86_64_17.0.8.v20230831-1047\jre\bin\server\jvm.dll
0x00007ffbb1570000 - 0x00007ffbb161e000 	C:\Windows\System32\ADVAPI32.dll
0x00007ffbb1db0000 - 0x00007ffbb1e4c000 	C:\Windows\System32\sechost.dll
0x00007ffbb1620000 - 0x00007ffbb1746000 	C:\Windows\System32\RPCRT4.dll
0x00007ffbafc50000 - 0x00007ffbafc9b000 	C:\Windows\SYSTEM32\POWRPROF.dll
0x00007ffba7940000 - 0x00007ffba7949000 	C:\Windows\SYSTEM32\WSOCK32.dll
0x00007ffbb0a80000 - 0x00007ffbb0aeb000 	C:\Windows\System32\WS2_32.dll
0x00007ffba3f30000 - 0x00007ffba3f57000 	C:\Windows\SYSTEM32\WINMM.dll
0x00007ffba3a50000 - 0x00007ffba3a5a000 	C:\Windows\SYSTEM32\VERSION.dll
0x00007ffbafc30000 - 0x00007ffbafc42000 	C:\Windows\SYSTEM32\UMPDC.dll
0x00007ffbae620000 - 0x00007ffbae632000 	C:\Windows\SYSTEM32\kernel.appcore.dll
0x00007ffba95b0000 - 0x00007ffba95ba000 	C:\Users\meshn\.p2\pool\plugins\org.eclipse.justj.openjdk.hotspot.jre.full.win32.x86_64_17.0.8.v20230831-1047\jre\bin\jimage.dll
0x00007ffbad760000 - 0x00007ffbad944000 	C:\Windows\SYSTEM32\DBGHELP.DLL
0x00007ffb9e6c0000 - 0x00007ffb9e6f4000 	C:\Windows\SYSTEM32\dbgcore.DLL
0x00007ffbafdf0000 - 0x00007ffbafe72000 	C:\Windows\System32\bcryptPrimitives.dll
0x00007ffb8a7e0000 - 0x00007ffb8a805000 	C:\Users\meshn\.p2\pool\plugins\org.eclipse.justj.openjdk.hotspot.jre.full.win32.x86_64_17.0.8.v20230831-1047\jre\bin\java.dll

dbghelp: loaded successfully - version: 4.0.5 - missing functions: none
symbol engine: initialized successfully - sym options: 0x614 - pdb path: .;C:\Users\meshn\.p2\pool\plugins\org.eclipse.justj.openjdk.hotspot.jre.full.win32.x86_64_17.0.8.v20230831-1047\jre\bin;C:\Windows\SYSTEM32;C:\Windows\WinSxS\amd64_microsoft.windows.common-controls_6595b64144ccf1df_6.0.19041.3570_none_60bb2a3971f3e41a;C:\Users\meshn\.p2\pool\plugins\org.eclipse.justj.openjdk.hotspot.jre.full.win32.x86_64_17.0.8.v20230831-1047\jre\bin\server

VM Arguments:
jvm_args: -Dfile.encoding=UTF-8 -Dstdout.encoding=UTF-8 -Dstderr.encoding=UTF-8 -XX:+ShowCodeDetailsInExceptionMessages 
java_command: controllLayer.ControllAndInitialize
java_class_path (initial): C:\Users\meshn\OneDrive\Desktop\New folder\programming and web development\student system\student systems\AtmMachine\bin
Launcher Type: SUN_STANDARD

[Global flags]
     intx CICompilerCount                          = 3                                         {product} {ergonomic}
     uint ConcGCThreads                            = 1                                         {product} {ergonomic}
     uint G1ConcRefinementThreads                  = 4                                         {product} {ergonomic}
   size_t G1HeapRegionSize                         = 1048576                                   {product} {ergonomic}
    uintx GCDrainStackTargetSize                   = 64                                        {product} {ergonomic}
   size_t InitialHeapSize                          = 134217728                                 {product} {ergonomic}
   size_t MarkStackSize                            = 4194304                                   {product} {ergonomic}
   size_t MaxHeapSize                              = 2116026368                                {product} {ergonomic}
   size_t MinHeapDeltaBytes                        = 1048576                                   {product} {ergonomic}
   size_t MinHeapSize                              = 8388608                                   {product} {ergonomic}
    uintx NonNMethodCodeHeapSize                   = 5832780                                {pd product} {ergonomic}
    uintx NonProfiledCodeHeapSize                  = 122912730                              {pd product} {ergonomic}
    uintx ProfiledCodeHeapSize                     = 122912730                              {pd product} {ergonomic}
    uintx ReservedCodeCacheSize                    = 251658240                              {pd product} {ergonomic}
     bool SegmentedCodeCache                       = true                                      {product} {ergonomic}
     bool ShowCodeDetailsInExceptionMessages       = true                                   {manageable} {command line}
   size_t SoftMaxHeapSize                          = 2116026368                             {manageable} {ergonomic}
     bool UseCompressedClassPointers               = true                           {product lp64_product} {ergonomic}
     bool UseCompressedOops                        = true                           {product lp64_product} {ergonomic}
     bool UseG1GC                                  = true                                      {product} {ergonomic}
     bool UseLargePagesIndividualAllocation        = false                                  {pd product} {ergonomic}

Logging:
Log output configuration:
 #0: stdout all=warning uptime,level,tags
 #1: stderr all=off uptime,level,tags

Environment Variables:
PATH=C:/Users/meshn/.p2/pool/plugins/org.eclipse.justj.openjdk.hotspot.jre.full.win32.x86_64_17.0.8.v20230831-1047/jre/bin/server;C:/Users/meshn/.p2/pool/plugins/org.eclipse.justj.openjdk.hotspot.jre.full.win32.x86_64_17.0.8.v20230831-1047/jre/bin;C:\Program Files\Common Files\Oracle\Java\javapath;C:\Program Files (x86)\Common Files\Oracle\Java\javapath;C:\Windows\system32;C:\Windows;C:\Windows\System32\Wbem;C:\Windows\System32\WindowsPowerShell\v1.0\;C:\Windows\System32\OpenSSH\;C:\Program Files\Git\cmd;C:\Users\meshn\AppData\Local\Packages\PythonSoftwareFoundation.Python.3.7_qbz5n2kfra8p0\LocalCache\local-packages\Python37\Scripts;C:\php;C:\ProgramData\ComposerSetup\bin;C:\Users\meshn\AppData\Local\Microsoft\WindowsApps;C:\Users\meshn\AppData\Local\Programs\Microsoft VS Code\bin;C:\Users\meshn\AppData\Local\GitHubDesktop\bin;C:\Program Files\JetBrains\DataSpell 2023.2.2\bin;C:\Program Files\JetBrains\PyCharm Community Edition 2023.2.1\bin;C:\Users\meshn\AppData\Local\JetBrains\Toolbox\scripts;;C:\Program Files\JetBrains\PyCharm 2023.2.1\bin;;C:\Users\meshn\AppData\Roaming\Composer\vendor\bin;C:\Windows\system32;
USERNAME=meshn
OS=Windows_NT
PROCESSOR_IDENTIFIER=Intel64 Family 6 Model 61 Stepping 4, GenuineIntel
TMP=C:\Users\meshn\AppData\Local\Temp
TEMP=C:\Users\meshn\AppData\Local\Temp



---------------  S Y S T E M  ---------------

OS:
 Windows 10 , 64 bit Build 19041 (10.0.19041.3570)
OS uptime: 0 days 11:58 hours

CPU: total 4 (initial active 4) (2 cores per cpu, 2 threads per core) family 6 model 61 stepping 4 microcode 0x2d, cx8, cmov, fxsr, ht, mmx, 3dnowpref, sse, sse2, sse3, ssse3, sse4.1, sse4.2, popcnt, lzcnt, tsc, tscinvbit, avx, avx2, aes, erms, clmul, bmi1, bmi2, adx, fma, vzeroupper, clflush
Processor Information for all 4 processors :
  Max Mhz: 2201, Current Mhz: 2201, Mhz Limit: 2201

Memory: 4k page, system-wide physical 8067M (1795M free)
TotalPageFile size 32643M (AvailPageFile size 43M)
current process WorkingSet (physical memory assigned to process): 10M, peak: 10M
current process commit charge ("private bytes"): 51M, peak: 179M

vm_info: OpenJDK 64-Bit Server VM (17.0.8.1+1) for windows-amd64 JRE (17.0.8.1+1), built on Aug 23 2023 15:29:17 by "admin" with MS VC++ 16.7 (VS2019)

END.
